    1  /home
    2  cd home
    3  ls
    4  cat readme.md
    5  cat README.md
    6  cd server_lesson
    7  cd .
    8  cd ..
    9  cd root
   10  cd /root
   11  ls
   12  cd server_lesson
   13  ls
   14  cd linux_practice1
   15  ls
   16  rm server_lesson/linux_practice1/tmp/index_bk.php
   17  rm tmp/index_bk.php
   18  ls
   19  cd tmp
   20  ls
   21  mv index.php index_bk.php
   22  ls
   23  rm index_bk.php
   24  cd ...
   25  cd ..
   26  cd ..
   27  touch README.md
   28  vi README.md
   29  mkdir linux_practice2
   30  touch gizumo{01..50}.md
   31  ls
   32  mv gizumo*.md linux_practice2/
   33  ls
   34  cd linux_practice2
   35  mkdir trash
   36  cd trash
   37  mkdir documents
   38  rm documents
   39  rmdir documents
   40  cd ..
   41  mkdir documetns
   42  ls
   43  mv gizumo*.md documents/
   44  mv documetns documents
   45  ls
   46  mv gizumo*.md documents/
   47  ls
   48  mv documents/gizumo{20..40}.md trash/
   49  ls
   50  cd documents
   51  ls
   52  cd ..
   53  touch .gitignore
   54  vi .gitignore
   55  history 300
   56  history 300 > exec_command.log
